This file contains any messages produced by compilers while
running configure, to aid debugging if configure makes a mistake.

It was created by configure, which was
generated by GNU Autoconf 2.52.  Invocation command line was

  $ ./configure 

## ---------- ##
## Platform.  ##
## ---------- ##

hostname = jzgs
uname -m = i686
uname -r = 2.4.20
uname -s = Linux
uname -v = #10 Sun Feb 2 01:46:45 EST 2003

/usr/bin/uname -p = unknown
/bin/uname -X     = unknown

/bin/arch              = i686
/usr/bin/arch -k       = unknown
/usr/convex/getsysinfo = unknown
hostinfo               = unknown
/bin/machine           = unknown
/usr/bin/oslevel       = unknown
/bin/universe          = unknown

PATH = /usr/local/bin:/usr/bin:/bin:/usr/bin/X11:/usr/games

## ------------ ##
## Core tests.  ##
## ------------ ##

configure:931: PATH=".;."; conftest.sh
./configure: line 932: conftest.sh: command not found
configure:934: $? = 127
configure:988: checking for gcc
configure:1003: found /usr/bin/gcc
configure:1011: result: gcc
configure:1239: checking for C compiler version
configure:1242: gcc --version </dev/null >&5
gcc (GCC) 3.3 (Debian)
Copyright (C) 2003 Free Software Foundation, Inc.
This is free software; see the source for copying conditions.  There is NO
warranty; not even for MERCHANTABILITY or FITNESS FOR A PARTICULAR PURPOSE.

configure:1245: $? = 0
configure:1247: gcc -v </dev/null >&5
Reading specs from /usr/lib/gcc-lib/i386-linux/3.3/specs
Configured with: ../src/configure -v --enable-languages=c,c++,java,f77,pascal,objc,ada,treelang --prefix=/usr --mandir=/usr/share/man --infodir=/usr/share/info --with-gxx-include-dir=/usr/include/c++/3.3 --enable-shared --with-system-zlib --enable-nls --without-included-gettext --enable-__cxa_atexit --enable-clocale=gnu --enable-debug --enable-java-gc=boehm --enable-java-awt=xlib --enable-objc-gc i386-linux
Thread model: posix
gcc version 3.3 (Debian)
configure:1250: $? = 0
configure:1252: gcc -V </dev/null >&5
gcc: `-V' option must have argument
configure:1255: $? = 1
configure:1275: checking for C compiler default output
configure:1278: gcc    conftest.c  >&5
configure:1281: $? = 0
configure:1310: result: a.out
configure:1315: checking whether the C compiler works
configure:1321: ./a.out
configure:1324: $? = 0
configure:1339: result: yes
configure:1346: checking whether we are cross compiling
configure:1348: result: no
configure:1351: checking for executable suffix
configure:1353: gcc -o conftest    conftest.c  >&5
configure:1356: $? = 0
configure:1378: result: 
configure:1384: checking for object suffix
configure:1402: gcc -c   conftest.c >&5
configure:1405: $? = 0
configure:1424: result: o
configure:1428: checking whether we are using the GNU C compiler
configure:1449: gcc -c   conftest.c >&5
configure:1452: $? = 0
configure:1455: test -s conftest.o
configure:1458: $? = 0
configure:1470: result: yes
configure:1476: checking whether gcc accepts -g
configure:1494: gcc -c -g  conftest.c >&5
configure:1497: $? = 0
configure:1500: test -s conftest.o
configure:1503: $? = 0
configure:1513: result: yes
configure:1540: gcc -c   conftest.c >&5
conftest.c:2: error: parse error before "me"
configure:1543: $? = 1
configure: failed program was:
#ifndef __cplusplus
  choke me
#endif
configure:1646: checking how to run the C preprocessor
configure:1672: gcc -E  conftest.c
configure:1678: $? = 0
configure:1705: gcc -E  conftest.c
configure:1702:28: ac_nonexistent.h: No such file or directory
configure:1711: $? = 1
configure: failed program was:
#line 1701 "configure"
#include "confdefs.h"
#include <ac_nonexistent.h>
configure:1748: result: gcc -E
configure:1763: gcc -E  conftest.c
configure:1769: $? = 0
configure:1796: gcc -E  conftest.c
configure:1793:28: ac_nonexistent.h: No such file or directory
configure:1802: $? = 1
configure: failed program was:
#line 1792 "configure"
#include "confdefs.h"
#include <ac_nonexistent.h>
configure:1878: checking for a BSD compatible install
configure:1927: result: /usr/bin/install -c
configure:1939: checking whether byte ordering is bigendian
configure:1964: gcc -c   conftest.c >&5
configure:1967: $? = 0
configure:1970: test -s conftest.o
configure:1973: $? = 0
configure:1994: gcc -c   conftest.c >&5
configure: In function `main':
configure:1985: error: `not' undeclared (first use in this function)
configure:1985: error: (Each undeclared identifier is reported only once
configure:1985: error: for each function it appears in.)
configure:1985: error: parse error before "big"
configure:1997: $? = 1
configure: failed program was:
#line 1977 "configure"
#include "confdefs.h"
#include <sys/types.h>
#include <sys/param.h>

int
main ()
{
#if BYTE_ORDER != BIG_ENDIAN
 not big endian
#endif

  ;
  return 0;
}
configure:2061: result: no
configure:2076: checking for usleep
configure:2113: gcc -o conftest    conftest.c  >&5
configure:2116: $? = 0
configure:2119: test -s conftest
configure:2122: $? = 0
configure:2132: result: yes
configure:2255: checking for sys/soundcard.h
configure:2265: gcc -E  conftest.c
configure:2271: $? = 0
configure:2290: result: yes
configure:2303: checking for linux/joystick.h
configure:2313: gcc -E  conftest.c
configure:2319: $? = 0
configure:2338: result: yes
configure:2352: checking for linux/fb.h
configure:2362: gcc -E  conftest.c
configure:2368: $? = 0
configure:2387: result: yes
configure:2513: checking for vga_init in -lvga
configure:2540: gcc -o conftest    conftest.c -lvga   -L/usr/local/lib -L/usr/X11R6/lib >&5
configure:2543: $? = 0
configure:2546: test -s conftest
configure:2549: $? = 0
configure:2560: result: yes
configure:2567: checking for vga.h
configure:2577: gcc -E  conftest.c
configure:2583: $? = 0
configure:2602: result: yes
configure:2567: checking for vgakeyboard.h
configure:2577: gcc -E  conftest.c
configure:2583: $? = 0
configure:2602: result: yes
configure:2627: checking for sdl-config
configure:2642: found /usr/bin/sdl-config
configure:2650: result: yes
configure:2662: checking for SDL_Init in -lSDL
configure:2689: gcc -o conftest    conftest.c -lSDL -L/usr/lib -lSDL -lpthread  -L/usr/local/lib -L/usr/X11R6/lib >&5
configure:2692: $? = 0
configure:2695: test -s conftest
configure:2698: $? = 0
configure:2709: result: yes
configure:2716: checking for SDL/SDL.h
configure:2726: gcc -E  conftest.c
configure:2732: $? = 0
configure:2751: result: yes
configure:2777: checking for X
configure:2986: result: libraries /usr/X11R6/lib, headers /usr/X11R6/include
configure:2993: checking for XShmCreateImage in -lXext
configure:3020: gcc -o conftest    conftest.c -lXext   -L/usr/local/lib -L/usr/X11R6/lib >&5
configure:3023: $? = 0
configure:3026: test -s conftest
configure:3029: $? = 0
configure:3040: result: yes
configure:3054: checking for sys/ipc.h
configure:3064: gcc -E  conftest.c
configure:3070: $? = 0
configure:3089: result: yes
configure:3054: checking for sys/shm.h
configure:3064: gcc -E  conftest.c
configure:3070: $? = 0
configure:3089: result: yes
configure:3054: checking for X11/extensions/XShm.h
configure:3064: gcc -E  conftest.c
configure:3070: $? = 0
configure:3089: result: yes
configure:3151: result: enabling selected compiler warnings
configure:3208: WARNING: your compiler is too old to support i686 optimizations
configure:3221: result: producing heavily optimized code
configure:3257: result: using optimized i386 cores
configure:3348: creating ./config.status

## ----------------------- ##
## Running config.status.  ##
## ----------------------- ##

This file was extended by config.status 2.52, executed with
  CONFIG_FILES    = 
  CONFIG_HEADERS  = 
  CONFIG_LINKS    = 
  CONFIG_COMMANDS = 
  > ./config.status 
on jzgs

config.status:3796: creating Makefile
config.status:3888: creating sys/nix/config.h

## ----------------- ##
## Cache variables.  ##
## ----------------- ##

ac_cv_c_bigendian=no
ac_cv_c_compiler_gnu=yes
ac_cv_env_CC_set=
ac_cv_env_CC_value=
ac_cv_env_CFLAGS_set=
ac_cv_env_CFLAGS_value=
ac_cv_env_CPPFLAGS_set=
ac_cv_env_CPPFLAGS_value=
ac_cv_env_CPP_set=
ac_cv_env_CPP_value=
ac_cv_env_LDFLAGS_set=
ac_cv_env_LDFLAGS_value=
ac_cv_env_build_alias_set=
ac_cv_env_build_alias_value=
ac_cv_env_host_alias_set=
ac_cv_env_host_alias_value=
ac_cv_env_target_alias_set=
ac_cv_env_target_alias_value=
ac_cv_func_usleep=yes
ac_cv_have_x='have_x=yes 		ac_x_includes=/usr/X11R6/include ac_x_libraries=/usr/X11R6/lib'
ac_cv_header_SDL_SDL_h=yes
ac_cv_header_X11_extensions_XShm_h=yes
ac_cv_header_linux_fb_h=yes
ac_cv_header_linux_joystick_h=yes
ac_cv_header_sys_ipc_h=yes
ac_cv_header_sys_shm_h=yes
ac_cv_header_sys_soundcard_h=yes
ac_cv_header_vga_h=yes
ac_cv_header_vgakeyboard_h=yes
ac_cv_lib_SDL_SDL_Init=yes
ac_cv_lib_Xext_XShmCreateImage=yes
ac_cv_lib_vga_vga_init=yes
ac_cv_objext=o
ac_cv_path_install='/usr/bin/install -c'
ac_cv_prog_CPP='gcc -E'
ac_cv_prog_SDL_CONFIG=yes
ac_cv_prog_ac_ct_CC=gcc
ac_cv_prog_cc_g=yes

## ------------ ##
## confdefs.h.  ##
## ------------ ##

#define HAVE_USLEEP 1
#define HAVE_SYS_SOUNDCARD_H 1
#define HAVE_LINUX_JOYSTICK_H 1
#define HAVE_LINUX_FB_H 1
#define HAVE_VGA_H 1
#define HAVE_VGAKEYBOARD_H 1
#define HAVE_SDL_SDL_H 1
#define HAVE_LIBXEXT 1
#define HAVE_SYS_IPC_H 1
#define HAVE_SYS_SHM_H 1
#define HAVE_X11_EXTENSIONS_XSHM_H 1


configure: exit 0
